<?xml version="1.0" encoding="UTF-8"?>
<!-- Generated by org.testng.reporters.JUnitReportReporter -->
<testsuite skipped="0" hostname="rnr_08" name="com.name.practice.PracticeTest" tests="1" failures="0" timestamp="30 Jan 2018 13:51:28 GMT" time="23.626" errors="0">
  <testcase name="PractTest" time="23.626" classname="com.name.practice.PracticeTest"/>
</testsuite> <!-- com.name.practice.PracticeTest -->
