<?xml version="1.0" encoding="UTF-8"?>
<!-- Generated by org.testng.reporters.JUnitReportReporter -->
<testsuite skipped="1" hostname="rnr_08" name="com.name.test.EmaktabLoginTest" tests="1" failures="0" timestamp="09 Feb 2018 09:12:46 GMT" time="0.000" errors="0">
  <testcase name="LoginEmaktabTest" time="0.000" classname="com.name.test.EmaktabLoginTest">
    <skipped/>
  </testcase> <!-- LoginEmaktabTest -->
</testsuite> <!-- com.name.test.EmaktabLoginTest -->
