<?xml version="1.0" encoding="UTF-8"?>
<!-- Generated by org.testng.reporters.JUnitReportReporter -->
<testsuite skipped="0" hostname="rnr_08" name="com.name.test.LogInDpTest" tests="3" failures="0" timestamp="02 Jan 2018 11:43:57 GMT" time="20.397" errors="0">
  <testcase name="verifyExcelData" time="8.223" classname="com.name.test.LogInDpTest"/>
  <testcase name="verifyExcelData" time="6.845" classname="com.name.test.LogInDpTest"/>
  <testcase name="verifyExcelData" time="5.329" classname="com.name.test.LogInDpTest"/>
</testsuite> <!-- com.name.test.LogInDpTest -->
