<?xml version="1.0" encoding="UTF-8"?>
<!-- Generated by org.testng.reporters.JUnitReportReporter -->
<testsuite skipped="0" hostname="SONU-PC" name="com.name.test.SecondTest" tests="1" failures="0" timestamp="20 May 2017 09:54:56 GMT" time="6.774" errors="0">
  <testcase name="secondTestMethod" time="6.774" classname="com.name.test.SecondTest"/>
</testsuite> <!-- com.name.test.SecondTest -->
